This file contains any messages produced by compilers while
running configure, to aid debugging if configure makes a mistake.

It was created by unimrcp configure 1.5.0, which was
generated by GNU Autoconf 2.69.  Invocation command line was

  $ ./configure 

## --------- ##
## Platform. ##
## --------- ##

hostname = s85
uname -m = x86_64
uname -r = 3.10.0-514.6.2.el7.toa.2.x86_64
uname -s = Linux
uname -v = #1 SMP Tue Oct 31 14:54:31 CST 2017

/usr/bin/uname -p = x86_64
/bin/uname -X     = unknown

/bin/arch              = x86_64
/usr/bin/arch -k       = unknown
/usr/convex/getsysinfo = unknown
/usr/bin/hostinfo      = unknown
/bin/machine           = unknown
/usr/bin/oslevel       = unknown
/bin/universe          = unknown

PATH: /usr/lib64/
PATH: /data2/libingchen/anaconda2/bin
PATH: /data2/libingchen/anaconda3/bin
PATH: /data2/libingchen/anaconda2/bin
PATH: /data2/libingchen/anaconda3/bin
PATH: /data2/libingchen/anaconda2/bin
PATH: /data2/libingchen/anaconda3/bin
PATH: /usr/lib64/qt-3.3/bin
PATH: /usr/local/bin
PATH: /usr/bin
PATH: /data2/libingchen/bin
PATH: /usr/local/sbin
PATH: /usr/sbin
PATH: /data2/libingchen/bin


## ----------- ##
## Core tests. ##
## ----------- ##

configure:4061: checking for chosen layout
configure:4063: result: classic
configure:4271: checking for a BSD-compatible install
configure:4339: result: /usr/bin/install -c
configure:4350: checking whether build environment is sane
configure:4405: result: yes
configure:4443: WARNING: 'missing' script is too old or missing
configure:4556: checking for a thread-safe mkdir -p
configure:4595: result: /usr/bin/mkdir -p
configure:4602: checking for gawk
configure:4618: found /usr/bin/gawk
configure:4629: result: gawk
configure:4640: checking whether make sets $(MAKE)
configure:4662: result: yes
configure:4691: checking whether make supports nested variables
configure:4708: result: yes
configure:4836: checking whether make supports nested variables
configure:4853: result: yes
configure:4920: checking for gcc
configure:4936: found /data2/libingchen/anaconda2/bin/gcc
configure:4947: result: gcc
configure:5176: checking for C compiler version
configure:5185: gcc --version >&5
gcc (GCC) 4.8.5
Copyright (C) 2015 Free Software Foundation, Inc.
This is free software; see the source for copying conditions.  There is NO
warranty; not even for MERCHANTABILITY or FITNESS FOR A PARTICULAR PURPOSE.

configure:5196: $? = 0
configure:5185: gcc -v >&5
Reading specs from /data2/libingchen/anaconda2/bin/../lib/gcc/x86_64-unknown-linux-gnu/4.8.5/specs
COLLECT_GCC=gcc
COLLECT_LTO_WRAPPER=/data2/libingchen/anaconda2/bin/../libexec/gcc/x86_64-unknown-linux-gnu/4.8.5/lto-wrapper
Target: x86_64-unknown-linux-gnu
Configured with: ./configure --prefix=/home/ray/mc-x64-2.7/conda-bld/gcc_1479223211463/_b_env_placehold_placehold_placehold_placehold_placehold_placehold_placehold_placehold_placehold_placehold_placehold_placehold_placehold_placehold_placehold_placehold_placehold_placehold_placehold_placehold --with-gxx-include-dir=/home/ray/mc-x64-2.7/conda-bld/gcc_1479223211463/_b_env_placehold_placehold_placehold_placehold_placehold_placehold_placehold_placehold_placehold_placehold_placehold_placehold_placehold_placehold_placehold_placehold_placehold_placehold_placehold_placehold/gcc/include/c++ --bindir=/home/ray/mc-x64-2.7/conda-bld/gcc_1479223211463/_b_env_placehold_placehold_placehold_placehold_placehold_placehold_placehold_placehold_placehold_placehold_placehold_placehold_placehold_placehold_placehold_placehold_placehold_placehold_placehold_placehold/bin --datarootdir=/home/ray/mc-x64-2.7/conda-bld/gcc_1479223211463/_b_env_placehold_placehold_placehold_placehold_placehold_placehold_placehold_placehold_placehold_placehold_placehold_placehold_placehold_placehold_placehold_placehold_placehold_placehold_placehold_placehold/share --libdir=/home/ray/mc-x64-2.7/conda-bld/gcc_1479223211463/_b_env_placehold_placehold_placehold_placehold_placehold_placehold_placehold_placehold_placehold_placehold_placehold_placehold_placehold_placehold_placehold_placehold_placehold_placehold_placehold_placehold/lib --with-gmp=/home/ray/mc-x64-2.7/conda-bld/gcc_1479223211463/_b_env_placehold_placehold_placehold_placehold_placehold_placehold_placehold_placehold_placehold_placehold_placehold_placehold_placehold_placehold_placehold_placehold_placehold_placehold_placehold_placehold --with-mpfr=/home/ray/mc-x64-2.7/conda-bld/gcc_1479223211463/_b_env_placehold_placehold_placehold_placehold_placehold_placehold_placehold_placehold_placehold_placehold_placehold_placehold_placehold_placehold_placehold_placehold_placehold_placehold_placehold_placehold --with-mpc=/home/ray/mc-x64-2.7/conda-bld/gcc_1479223211463/_b_env_placehold_placehold_placehold_placehold_placehold_placehold_placehold_placehold_placehold_placehold_placehold_placehold_placehold_placehold_placehold_placehold_placehold_placehold_placehold_placehold --with-isl=/home/ray/mc-x64-2.7/conda-bld/gcc_1479223211463/_b_env_placehold_placehold_placehold_placehold_placehold_placehold_placehold_placehold_placehold_placehold_placehold_placehold_placehold_placehold_placehold_placehold_placehold_placehold_placehold_placehold --with-cloog=/home/ray/mc-x64-2.7/conda-bld/gcc_1479223211463/_b_env_placehold_placehold_placehold_placehold_placehold_placehold_placehold_placehold_placehold_placehold_placehold_placehold_placehold_placehold_placehold_placehold_placehold_placehold_placehold_placehold --enable-checking=release --with-tune=generic --disable-multilib
Thread model: posix
gcc version 4.8.5 (GCC) 
configure:5196: $? = 0
configure:5185: gcc -V >&5
gcc: error: unrecognized command line option '-V'
gcc: fatal error: no input files
compilation terminated.
configure:5196: $? = 1
configure:5185: gcc -qversion >&5
gcc: error: unrecognized command line option '-qversion'
gcc: fatal error: no input files
compilation terminated.
configure:5196: $? = 1
configure:5216: checking whether the C compiler works
configure:5238: gcc    conftest.c  >&5
configure:5242: $? = 0
configure:5290: result: yes
configure:5293: checking for C compiler default output file name
configure:5295: result: a.out
configure:5301: checking for suffix of executables
configure:5308: gcc -o conftest    conftest.c  >&5
configure:5312: $? = 0
configure:5334: result: 
configure:5356: checking whether we are cross compiling
configure:5364: gcc -o conftest    conftest.c  >&5
configure:5368: $? = 0
configure:5375: ./conftest
configure:5379: $? = 0
configure:5394: result: no
configure:5399: checking for suffix of object files
configure:5421: gcc -c   conftest.c >&5
configure:5425: $? = 0
configure:5446: result: o
configure:5450: checking whether we are using the GNU C compiler
configure:5469: gcc -c   conftest.c >&5
configure:5469: $? = 0
configure:5478: result: yes
configure:5487: checking whether gcc accepts -g
configure:5507: gcc -c -g  conftest.c >&5
configure:5507: $? = 0
configure:5548: result: yes
configure:5565: checking for gcc option to accept ISO C89
configure:5628: gcc  -c -g -O2  conftest.c >&5
configure:5628: $? = 0
configure:5641: result: none needed
configure:5666: checking whether gcc understands -c and -o together
configure:5688: gcc -c conftest.c -o conftest2.o
configure:5691: $? = 0
configure:5688: gcc -c conftest.c -o conftest2.o
configure:5691: $? = 0
configure:5703: result: yes
configure:5731: checking for style of include used by make
configure:5759: result: GNU
configure:5785: checking dependency style of gcc
configure:5896: result: gcc3
configure:5969: checking for g++
configure:5985: found /data2/libingchen/anaconda2/bin/g++
configure:5996: result: g++
configure:6023: checking for C++ compiler version
configure:6032: g++ --version >&5
g++ (GCC) 4.8.5
Copyright (C) 2015 Free Software Foundation, Inc.
This is free software; see the source for copying conditions.  There is NO
warranty; not even for MERCHANTABILITY or FITNESS FOR A PARTICULAR PURPOSE.

configure:6043: $? = 0
configure:6032: g++ -v >&5
Reading specs from /data2/libingchen/anaconda2/bin/../lib/gcc/x86_64-unknown-linux-gnu/4.8.5/specs
COLLECT_GCC=g++
COLLECT_LTO_WRAPPER=/data2/libingchen/anaconda2/bin/../libexec/gcc/x86_64-unknown-linux-gnu/4.8.5/lto-wrapper
Target: x86_64-unknown-linux-gnu
Configured with: ./configure --prefix=/home/ray/mc-x64-2.7/conda-bld/gcc_1479223211463/_b_env_placehold_placehold_placehold_placehold_placehold_placehold_placehold_placehold_placehold_placehold_placehold_placehold_placehold_placehold_placehold_placehold_placehold_placehold_placehold_placehold --with-gxx-include-dir=/home/ray/mc-x64-2.7/conda-bld/gcc_1479223211463/_b_env_placehold_placehold_placehold_placehold_placehold_placehold_placehold_placehold_placehold_placehold_placehold_placehold_placehold_placehold_placehold_placehold_placehold_placehold_placehold_placehold/gcc/include/c++ --bindir=/home/ray/mc-x64-2.7/conda-bld/gcc_1479223211463/_b_env_placehold_placehold_placehold_placehold_placehold_placehold_placehold_placehold_placehold_placehold_placehold_placehold_placehold_placehold_placehold_placehold_placehold_placehold_placehold_placehold/bin --datarootdir=/home/ray/mc-x64-2.7/conda-bld/gcc_1479223211463/_b_env_placehold_placehold_placehold_placehold_placehold_placehold_placehold_placehold_placehold_placehold_placehold_placehold_placehold_placehold_placehold_placehold_placehold_placehold_placehold_placehold/share --libdir=/home/ray/mc-x64-2.7/conda-bld/gcc_1479223211463/_b_env_placehold_placehold_placehold_placehold_placehold_placehold_placehold_placehold_placehold_placehold_placehold_placehold_placehold_placehold_placehold_placehold_placehold_placehold_placehold_placehold/lib --with-gmp=/home/ray/mc-x64-2.7/conda-bld/gcc_1479223211463/_b_env_placehold_placehold_placehold_placehold_placehold_placehold_placehold_placehold_placehold_placehold_placehold_placehold_placehold_placehold_placehold_placehold_placehold_placehold_placehold_placehold --with-mpfr=/home/ray/mc-x64-2.7/conda-bld/gcc_1479223211463/_b_env_placehold_placehold_placehold_placehold_placehold_placehold_placehold_placehold_placehold_placehold_placehold_placehold_placehold_placehold_placehold_placehold_placehold_placehold_placehold_placehold --with-mpc=/home/ray/mc-x64-2.7/conda-bld/gcc_1479223211463/_b_env_placehold_placehold_placehold_placehold_placehold_placehold_placehold_placehold_placehold_placehold_placehold_placehold_placehold_placehold_placehold_placehold_placehold_placehold_placehold_placehold --with-isl=/home/ray/mc-x64-2.7/conda-bld/gcc_1479223211463/_b_env_placehold_placehold_placehold_placehold_placehold_placehold_placehold_placehold_placehold_placehold_placehold_placehold_placehold_placehold_placehold_placehold_placehold_placehold_placehold_placehold --with-cloog=/home/ray/mc-x64-2.7/conda-bld/gcc_1479223211463/_b_env_placehold_placehold_placehold_placehold_placehold_placehold_placehold_placehold_placehold_placehold_placehold_placehold_placehold_placehold_placehold_placehold_placehold_placehold_placehold_placehold --enable-checking=release --with-tune=generic --disable-multilib
Thread model: posix
gcc version 4.8.5 (GCC) 
configure:6043: $? = 0
configure:6032: g++ -V >&5
g++: error: unrecognized command line option '-V'
g++: fatal error: no input files
compilation terminated.
configure:6043: $? = 1
configure:6032: g++ -qversion >&5
g++: error: unrecognized command line option '-qversion'
g++: fatal error: no input files
compilation terminated.
configure:6043: $? = 1
configure:6047: checking whether we are using the GNU C++ compiler
configure:6066: g++ -c   conftest.cpp >&5
configure:6066: $? = 0
configure:6075: result: yes
configure:6084: checking whether g++ accepts -g
configure:6104: g++ -c -g  conftest.cpp >&5
configure:6104: $? = 0
configure:6145: result: yes
configure:6170: checking dependency style of g++
configure:6281: result: gcc3
configure:6330: checking build system type
configure:6344: result: x86_64-unknown-linux-gnu
configure:6364: checking host system type
configure:6377: result: x86_64-unknown-linux-gnu
configure:6418: checking how to print strings
configure:6445: result: printf
configure:6466: checking for a sed that does not truncate output
configure:6530: result: /usr/bin/sed
configure:6548: checking for grep that handles long lines and -e
configure:6606: result: /usr/bin/grep
configure:6611: checking for egrep
configure:6673: result: /usr/bin/grep -E
configure:6678: checking for fgrep
configure:6740: result: /usr/bin/grep -F
configure:6775: checking for ld used by gcc
configure:6842: result: /usr/bin/ld
configure:6849: checking if the linker (/usr/bin/ld) is GNU ld
configure:6864: result: yes
configure:6876: checking for BSD- or MS-compatible name lister (nm)
configure:6925: result: /usr/bin/nm -B
configure:7055: checking the name lister (/usr/bin/nm -B) interface
configure:7062: gcc -c -g -O2  conftest.c >&5
configure:7065: /usr/bin/nm -B "conftest.o"
configure:7068: output
0000000000000000 B some_variable
configure:7075: result: BSD nm
configure:7078: checking whether ln -s works
configure:7082: result: yes
configure:7090: checking the maximum length of command line arguments
configure:7220: result: 1572864
configure:7237: checking whether the shell understands some XSI constructs
configure:7247: result: yes
configure:7251: checking whether the shell understands "+="
configure:7257: result: yes
configure:7292: checking how to convert x86_64-unknown-linux-gnu file names to x86_64-unknown-linux-gnu format
configure:7332: result: func_convert_file_noop
configure:7339: checking how to convert x86_64-unknown-linux-gnu file names to toolchain format
configure:7359: result: func_convert_file_noop
configure:7366: checking for /usr/bin/ld option to reload object files
configure:7373: result: -r
configure:7447: checking for objdump
configure:7463: found /usr/bin/objdump
configure:7474: result: objdump
configure:7506: checking how to recognize dependent libraries
configure:7708: result: pass_all
configure:7793: checking for dlltool
configure:7823: result: no
configure:7853: checking how to associate runtime and link libraries
configure:7880: result: printf %s\n
configure:7941: checking for ar
configure:7957: found /usr/bin/ar
configure:7968: result: ar
configure:8005: checking for archiver @FILE support
configure:8022: gcc -c -g -O2  conftest.c >&5
configure:8022: $? = 0
configure:8025: ar cru libconftest.a @conftest.lst >&5
configure:8028: $? = 0
configure:8033: ar cru libconftest.a @conftest.lst >&5
ar: conftest.o: No such file or directory
configure:8036: $? = 1
configure:8048: result: @
configure:8106: checking for strip
configure:8122: found /usr/bin/strip
configure:8133: result: strip
configure:8205: checking for ranlib
configure:8221: found /usr/bin/ranlib
configure:8232: result: ranlib
configure:8334: checking command to parse /usr/bin/nm -B output from gcc object
configure:8454: gcc -c -g -O2  conftest.c >&5
configure:8457: $? = 0
configure:8461: /usr/bin/nm -B conftest.o \| sed -n -e 's/^.*[ ]\([ABCDGIRSTW][ABCDGIRSTW]*\)[ ][ ]*\([_A-Za-z][_A-Za-z0-9]*\)$/\1 \2 \2/p' | sed '/ __gnu_lto/d' \> conftest.nm
configure:8464: $? = 0
configure:8530: gcc -o conftest -g -O2   conftest.c conftstm.o >&5
configure:8533: $? = 0
configure:8571: result: ok
configure:8608: checking for sysroot
configure:8638: result: no
configure:8715: gcc -c -g -O2  conftest.c >&5
configure:8718: $? = 0
configure:8894: checking for mt
configure:8924: result: no
configure:8944: checking if : is a manifest tool
configure:8950: : '-?'
configure:8958: result: no
configure:9600: checking how to run the C preprocessor
configure:9631: gcc -E  conftest.c
configure:9631: $? = 0
configure:9645: gcc -E  conftest.c
conftest.c:9:28: fatal error: ac_nonexistent.h: No such file or directory
 #include <ac_nonexistent.h>
                            ^
compilation terminated.
configure:9645: $? = 1
configure: failed program was:
| /* confdefs.h */
| #define PACKAGE_NAME "unimrcp"
| #define PACKAGE_TARNAME "unimrcp"
| #define PACKAGE_VERSION "1.5.0"
| #define PACKAGE_STRING "unimrcp 1.5.0"
| #define PACKAGE_BUGREPORT ""
| #define PACKAGE_URL ""
| /* end confdefs.h.  */
| #include <ac_nonexistent.h>
configure:9670: result: gcc -E
configure:9690: gcc -E  conftest.c
configure:9690: $? = 0
configure:9704: gcc -E  conftest.c
conftest.c:9:28: fatal error: ac_nonexistent.h: No such file or directory
 #include <ac_nonexistent.h>
                            ^
compilation terminated.
configure:9704: $? = 1
configure: failed program was:
| /* confdefs.h */
| #define PACKAGE_NAME "unimrcp"
| #define PACKAGE_TARNAME "unimrcp"
| #define PACKAGE_VERSION "1.5.0"
| #define PACKAGE_STRING "unimrcp 1.5.0"
| #define PACKAGE_BUGREPORT ""
| #define PACKAGE_URL ""
| /* end confdefs.h.  */
| #include <ac_nonexistent.h>
configure:9733: checking for ANSI C header files
configure:9753: gcc -c -g -O2  conftest.c >&5
configure:9753: $? = 0
configure:9826: gcc -o conftest -g -O2   conftest.c  >&5
configure:9826: $? = 0
configure:9826: ./conftest
configure:9826: $? = 0
configure:9837: result: yes
configure:9850: checking for sys/types.h
configure:9850: gcc -c -g -O2  conftest.c >&5
configure:9850: $? = 0
configure:9850: result: yes
configure:9850: checking for sys/stat.h
configure:9850: gcc -c -g -O2  conftest.c >&5
configure:9850: $? = 0
configure:9850: result: yes
configure:9850: checking for stdlib.h
configure:9850: gcc -c -g -O2  conftest.c >&5
configure:9850: $? = 0
configure:9850: result: yes
configure:9850: checking for string.h
configure:9850: gcc -c -g -O2  conftest.c >&5
configure:9850: $? = 0
configure:9850: result: yes
configure:9850: checking for memory.h
configure:9850: gcc -c -g -O2  conftest.c >&5
configure:9850: $? = 0
configure:9850: result: yes
configure:9850: checking for strings.h
configure:9850: gcc -c -g -O2  conftest.c >&5
configure:9850: $? = 0
configure:9850: result: yes
configure:9850: checking for inttypes.h
configure:9850: gcc -c -g -O2  conftest.c >&5
configure:9850: $? = 0
configure:9850: result: yes
configure:9850: checking for stdint.h
configure:9850: gcc -c -g -O2  conftest.c >&5
configure:9850: $? = 0
configure:9850: result: yes
configure:9850: checking for unistd.h
configure:9850: gcc -c -g -O2  conftest.c >&5
configure:9850: $? = 0
configure:9850: result: yes
configure:9864: checking for dlfcn.h
configure:9864: gcc -c -g -O2  conftest.c >&5
configure:9864: $? = 0
configure:9864: result: yes
configure:10081: checking for objdir
configure:10096: result: .libs
configure:10367: checking if gcc supports -fno-rtti -fno-exceptions
configure:10385: gcc -c -g -O2  -fno-rtti -fno-exceptions conftest.c >&5
cc1: warning: command line option '-fno-rtti' is valid for C++/ObjC++ but not for C [enabled by default]
configure:10389: $? = 0
configure:10402: result: yes
configure:10729: checking for gcc option to produce PIC
configure:10736: result: -fPIC -DPIC
configure:10744: checking if gcc PIC flag -fPIC -DPIC works
configure:10762: gcc -c -g -O2  -fPIC -DPIC -DPIC conftest.c >&5
configure:10766: $? = 0
configure:10779: result: yes
configure:10808: checking if gcc static flag -static works
configure:10836: result: no
configure:10851: checking if gcc supports -c -o file.o
configure:10872: gcc -c -g -O2  -o out/conftest2.o conftest.c >&5
configure:10876: $? = 0
configure:10898: result: yes
configure:10906: checking if gcc supports -c -o file.o
configure:10953: result: yes
configure:10986: checking whether the gcc linker (/usr/bin/ld -m elf_x86_64) supports shared libraries
configure:12139: result: yes
configure:12176: checking whether -lc should be explicitly linked in
configure:12184: gcc -c -g -O2  conftest.c >&5
configure:12187: $? = 0
configure:12202: gcc -shared  -fPIC -DPIC conftest.o  -v -Wl,-soname -Wl,conftest -o conftest 2\>\&1 \| /usr/bin/grep  -lc  \>/dev/null 2\>\&1
configure:12205: $? = 0
configure:12219: result: no
configure:12379: checking dynamic linker characteristics
configure:12890: gcc -o conftest -g -O2   -Wl,-rpath -Wl,/foo conftest.c  >&5
configure:12890: $? = 0
configure:13116: result: GNU/Linux ld.so
configure:13223: checking how to hardcode library paths into programs
configure:13248: result: immediate
configure:13788: checking whether stripping libraries is possible
configure:13793: result: yes
configure:13828: checking if libtool supports shared libraries
configure:13830: result: yes
configure:13833: checking whether to build shared libraries
configure:13854: result: yes
configure:13857: checking whether to build static libraries
configure:13861: result: yes
configure:13884: checking how to run the C++ preprocessor
configure:13911: g++ -E  conftest.cpp
configure:13911: $? = 0
configure:13925: g++ -E  conftest.cpp
conftest.cpp:21:28: fatal error: ac_nonexistent.h: No such file or directory
 #include <ac_nonexistent.h>
                            ^
compilation terminated.
configure:13925: $? = 1
configure: failed program was:
| /* confdefs.h */
| #define PACKAGE_NAME "unimrcp"
| #define PACKAGE_TARNAME "unimrcp"
| #define PACKAGE_VERSION "1.5.0"
| #define PACKAGE_STRING "unimrcp 1.5.0"
| #define PACKAGE_BUGREPORT ""
| #define PACKAGE_URL ""
| #define STDC_HEADERS 1
| #define HAVE_SYS_TYPES_H 1
| #define HAVE_SYS_STAT_H 1
| #define HAVE_STDLIB_H 1
| #define HAVE_STRING_H 1
| #define HAVE_MEMORY_H 1
| #define HAVE_STRINGS_H 1
| #define HAVE_INTTYPES_H 1
| #define HAVE_STDINT_H 1
| #define HAVE_UNISTD_H 1
| #define HAVE_DLFCN_H 1
| #define LT_OBJDIR ".libs/"
| /* end confdefs.h.  */
| #include <ac_nonexistent.h>
configure:13950: result: g++ -E
configure:13970: g++ -E  conftest.cpp
configure:13970: $? = 0
configure:13984: g++ -E  conftest.cpp
conftest.cpp:21:28: fatal error: ac_nonexistent.h: No such file or directory
 #include <ac_nonexistent.h>
                            ^
compilation terminated.
configure:13984: $? = 1
configure: failed program was:
| /* confdefs.h */
| #define PACKAGE_NAME "unimrcp"
| #define PACKAGE_TARNAME "unimrcp"
| #define PACKAGE_VERSION "1.5.0"
| #define PACKAGE_STRING "unimrcp 1.5.0"
| #define PACKAGE_BUGREPORT ""
| #define PACKAGE_URL ""
| #define STDC_HEADERS 1
| #define HAVE_SYS_TYPES_H 1
| #define HAVE_SYS_STAT_H 1
| #define HAVE_STDLIB_H 1
| #define HAVE_STRING_H 1
| #define HAVE_MEMORY_H 1
| #define HAVE_STRINGS_H 1
| #define HAVE_INTTYPES_H 1
| #define HAVE_STDINT_H 1
| #define HAVE_UNISTD_H 1
| #define HAVE_DLFCN_H 1
| #define LT_OBJDIR ".libs/"
| /* end confdefs.h.  */
| #include <ac_nonexistent.h>
configure:14153: checking for ld used by g++
configure:14220: result: /usr/bin/ld -m elf_x86_64
configure:14227: checking if the linker (/usr/bin/ld -m elf_x86_64) is GNU ld
configure:14242: result: yes
configure:14297: checking whether the g++ linker (/usr/bin/ld -m elf_x86_64) supports shared libraries
configure:15302: result: yes
configure:15338: g++ -c -g -O2  conftest.cpp >&5
configure:15341: $? = 0
configure:15861: checking for g++ option to produce PIC
configure:15868: result: -fPIC -DPIC
configure:15876: checking if g++ PIC flag -fPIC -DPIC works
configure:15894: g++ -c -g -O2  -fPIC -DPIC -DPIC conftest.cpp >&5
configure:15898: $? = 0
configure:15911: result: yes
configure:15934: checking if g++ static flag -static works
configure:15962: result: no
configure:15974: checking if g++ supports -c -o file.o
configure:15995: g++ -c -g -O2  -o out/conftest2.o conftest.cpp >&5
configure:15999: $? = 0
configure:16021: result: yes
configure:16026: checking if g++ supports -c -o file.o
configure:16073: result: yes
configure:16103: checking whether the g++ linker (/usr/bin/ld -m elf_x86_64) supports shared libraries
configure:16139: result: yes
configure:16280: checking dynamic linker characteristics
configure:16951: result: GNU/Linux ld.so
configure:17004: checking how to hardcode library paths into programs
configure:17029: result: immediate
configure:17094: checking for C compiler vendor
configure:17138: gcc -c -g -O2  conftest.c >&5
conftest.c: In function 'main':
conftest.c:8:9: error: 'thisisanerror' undeclared (first use in this function)
         thisisanerror;
         ^
conftest.c:8:9: note: each undeclared identifier is reported only once for each function it appears in
configure:17138: $? = 1
configure: failed program was:
| /* end confdefs.h.  */
| 
| int
| main ()
| {
| 
|       #if !(defined(__ICC) || defined(__ECC) || defined(__INTEL_COMPILER))
|         thisisanerror;
|       #endif
| 
|   ;
|   return 0;
| }
configure:17138: gcc -c -g -O2  conftest.c >&5
conftest.c: In function 'main':
conftest.c:8:9: error: 'thisisanerror' undeclared (first use in this function)
         thisisanerror;
         ^
conftest.c:8:9: note: each undeclared identifier is reported only once for each function it appears in
configure:17138: $? = 1
configure: failed program was:
| /* end confdefs.h.  */
| 
| int
| main ()
| {
| 
|       #if !(defined(__xlc__) || defined(__xlC__) || defined(__IBMC__) || defined(__IBMCPP__))
|         thisisanerror;
|       #endif
| 
|   ;
|   return 0;
| }
configure:17138: gcc -c -g -O2  conftest.c >&5
conftest.c: In function 'main':
conftest.c:8:9: error: 'thisisanerror' undeclared (first use in this function)
         thisisanerror;
         ^
conftest.c:8:9: note: each undeclared identifier is reported only once for each function it appears in
configure:17138: $? = 1
configure: failed program was:
| /* end confdefs.h.  */
| 
| int
| main ()
| {
| 
|       #if !(defined(__PATHCC__) || defined(__PATHSCALE__))
|         thisisanerror;
|       #endif
| 
|   ;
|   return 0;
| }
configure:17138: gcc -c -g -O2  conftest.c >&5
conftest.c: In function 'main':
conftest.c:8:9: error: 'thisisanerror' undeclared (first use in this function)
         thisisanerror;
         ^
conftest.c:8:9: note: each undeclared identifier is reported only once for each function it appears in
configure:17138: $? = 1
configure: failed program was:
| /* end confdefs.h.  */
| 
| int
| main ()
| {
| 
|       #if !(defined(__clang__))
|         thisisanerror;
|       #endif
| 
|   ;
|   return 0;
| }
configure:17138: gcc -c -g -O2  conftest.c >&5
configure:17138: $? = 0
configure:17146: result: gnu
configure:17152: checking for pkg-config
configure:17170: found /usr/bin/pkg-config
configure:17183: result: /usr/bin/pkg-config
configure:17209: Apache Portable Runtime (APR) library configuration
configure:17237: checking for APR
configure:17313: result: yes
configure:17334: result: 1.5.2
configure:17444: Apache Portable Runtime Utility (APU) library configuration
configure:17472: checking for APR-util
configure:17548: result: yes
configure:17569: result: 1.5.4
configure:17641: Sofia SIP library configuration
configure:17644: checking for Sofia-SIP
configure:17700: result: yes
configure:17702: result: 1.12.11-234-gd74df2e
configure:17724: enable inter-library dependencies: yes
configure:17742: enable maintainer mode: no
configure:18209: checking that generated files are newer than configure
configure:18215: result: done
configure:18306: creating ./config.status

## ---------------------- ##
## Running config.status. ##
## ---------------------- ##

This file was extended by unimrcp config.status 1.5.0, which was
generated by GNU Autoconf 2.69.  Invocation command line was

  CONFIG_FILES    = 
  CONFIG_HEADERS  = 
  CONFIG_LINKS    = 
  CONFIG_COMMANDS = 
  $ ./config.status 

on s85

config.status:1151: creating Makefile
config.status:1151: creating libs/Makefile
config.status:1151: creating libs/apr-toolkit/Makefile
config.status:1151: creating libs/mpf/Makefile
config.status:1151: creating libs/mrcp/Makefile
config.status:1151: creating libs/mrcp-signaling/Makefile
config.status:1151: creating libs/mrcpv2-transport/Makefile
config.status:1151: creating libs/mrcp-engine/Makefile
config.status:1151: creating libs/mrcp-server/Makefile
config.status:1151: creating libs/mrcp-client/Makefile
config.status:1151: creating libs/uni-rtsp/Makefile
config.status:1151: creating modules/Makefile
config.status:1151: creating modules/mrcp-sofiasip/Makefile
config.status:1151: creating modules/mrcp-unirtsp/Makefile
config.status:1151: creating plugins/Makefile
config.status:1151: creating plugins/mrcp-recorder/Makefile
config.status:1151: creating plugins/demo-synth/Makefile
config.status:1151: creating plugins/xfyun-synth/Makefile
config.status:1151: creating plugins/demo-recog/Makefile
config.status:1151: creating plugins/xfyun-recog/Makefile
config.status:1151: creating plugins/deepasr-recog/Makefile
config.status:1151: creating plugins/demo-verifier/Makefile
config.status:1151: creating platforms/Makefile
config.status:1151: creating platforms/libunimrcp-server/Makefile
config.status:1151: creating platforms/libunimrcp-client/Makefile
config.status:1151: creating platforms/unimrcp-server/Makefile
config.status:1151: creating platforms/unimrcp-client/Makefile
config.status:1151: creating platforms/libasr-client/Makefile
config.status:1151: creating platforms/asr-client/Makefile
config.status:1151: creating platforms/umc/Makefile
config.status:1151: creating tests/Makefile
config.status:1151: creating tests/apttest/Makefile
config.status:1151: creating tests/mpftest/Makefile
config.status:1151: creating tests/mrcptest/Makefile
config.status:1151: creating tests/rtsptest/Makefile
config.status:1151: creating tests/strtablegen/Makefile
config.status:1151: creating build/Makefile
config.status:1151: creating build/pkgconfig/Makefile
config.status:1151: creating build/pkgconfig/unimrcpclient.pc
config.status:1151: creating build/pkgconfig/unimrcpserver.pc
config.status:1151: creating build/pkgconfig/unimrcpplugin.pc
config.status:1151: creating conf/Makefile
config.status:1151: creating data/Makefile
config.status:1151: creating docs/doxygen.conf
config.status:1323: executing depfiles commands
config.status:1323: executing libtool commands

## ---------------- ##
## Cache variables. ##
## ---------------- ##

ac_cv_build=x86_64-unknown-linux-gnu
ac_cv_c_compiler_gnu=yes
ac_cv_cxx_compiler_gnu=yes
ac_cv_env_CCC_set=
ac_cv_env_CCC_value=
ac_cv_env_CC_set=
ac_cv_env_CC_value=
ac_cv_env_CFLAGS_set=
ac_cv_env_CFLAGS_value=
ac_cv_env_CPPFLAGS_set=
ac_cv_env_CPPFLAGS_value=
ac_cv_env_CPP_set=
ac_cv_env_CPP_value=
ac_cv_env_CXXCPP_set=
ac_cv_env_CXXCPP_value=
ac_cv_env_CXXFLAGS_set=
ac_cv_env_CXXFLAGS_value=
ac_cv_env_CXX_set=
ac_cv_env_CXX_value=
ac_cv_env_LDFLAGS_set=
ac_cv_env_LDFLAGS_value=
ac_cv_env_LIBS_set=
ac_cv_env_LIBS_value=
ac_cv_env_build_alias_set=
ac_cv_env_build_alias_value=
ac_cv_env_host_alias_set=
ac_cv_env_host_alias_value=
ac_cv_env_target_alias_set=
ac_cv_env_target_alias_value=
ac_cv_header_dlfcn_h=yes
ac_cv_header_inttypes_h=yes
ac_cv_header_memory_h=yes
ac_cv_header_stdc=yes
ac_cv_header_stdint_h=yes
ac_cv_header_stdlib_h=yes
ac_cv_header_string_h=yes
ac_cv_header_strings_h=yes
ac_cv_header_sys_stat_h=yes
ac_cv_header_sys_types_h=yes
ac_cv_header_unistd_h=yes
ac_cv_host=x86_64-unknown-linux-gnu
ac_cv_objext=o
ac_cv_path_EGREP='/usr/bin/grep -E'
ac_cv_path_FGREP='/usr/bin/grep -F'
ac_cv_path_GREP=/usr/bin/grep
ac_cv_path_PKG_CONFIG=/usr/bin/pkg-config
ac_cv_path_SED=/usr/bin/sed
ac_cv_path_install='/usr/bin/install -c'
ac_cv_path_mkdir=/usr/bin/mkdir
ac_cv_prog_AWK=gawk
ac_cv_prog_CPP='gcc -E'
ac_cv_prog_CXXCPP='g++ -E'
ac_cv_prog_ac_ct_AR=ar
ac_cv_prog_ac_ct_CC=gcc
ac_cv_prog_ac_ct_CXX=g++
ac_cv_prog_ac_ct_OBJDUMP=objdump
ac_cv_prog_ac_ct_RANLIB=ranlib
ac_cv_prog_ac_ct_STRIP=strip
ac_cv_prog_cc_c89=
ac_cv_prog_cc_g=yes
ac_cv_prog_cxx_g=yes
ac_cv_prog_make_make_set=yes
am_cv_CC_dependencies_compiler_type=gcc3
am_cv_CXX_dependencies_compiler_type=gcc3
am_cv_make_support_nested_variables=yes
am_cv_prog_cc_c_o=yes
ax_cv_c_compiler_vendor=gnu
lt_cv_ar_at_file=@
lt_cv_archive_cmds_need_lc=no
lt_cv_deplibs_check_method=pass_all
lt_cv_file_magic_cmd='$MAGIC_CMD'
lt_cv_file_magic_test_file=
lt_cv_ld_reload_flag=-r
lt_cv_nm_interface='BSD nm'
lt_cv_objdir=.libs
lt_cv_path_LD=/usr/bin/ld
lt_cv_path_LDCXX='/usr/bin/ld -m elf_x86_64'
lt_cv_path_NM='/usr/bin/nm -B'
lt_cv_path_mainfest_tool=no
lt_cv_prog_compiler_c_o=yes
lt_cv_prog_compiler_c_o_CXX=yes
lt_cv_prog_compiler_pic='-fPIC -DPIC'
lt_cv_prog_compiler_pic_CXX='-fPIC -DPIC'
lt_cv_prog_compiler_pic_works=yes
lt_cv_prog_compiler_pic_works_CXX=yes
lt_cv_prog_compiler_rtti_exceptions=yes
lt_cv_prog_compiler_static_works=no
lt_cv_prog_compiler_static_works_CXX=no
lt_cv_prog_gnu_ld=yes
lt_cv_prog_gnu_ldcxx=yes
lt_cv_sharedlib_from_linklib_cmd='printf %s\n'
lt_cv_shlibpath_overrides_runpath=no
lt_cv_sys_global_symbol_pipe='sed -n -e '\''s/^.*[	 ]\([ABCDGIRSTW][ABCDGIRSTW]*\)[	 ][	 ]*\([_A-Za-z][_A-Za-z0-9]*\)$/\1 \2 \2/p'\'' | sed '\''/ __gnu_lto/d'\'''
lt_cv_sys_global_symbol_to_c_name_address='sed -n -e '\''s/^: \([^ ]*\)[ ]*$/  {\"\1\", (void *) 0},/p'\'' -e '\''s/^[ABCDGIRSTW]* \([^ ]*\) \([^ ]*\)$/  {"\2", (void *) \&\2},/p'\'''
lt_cv_sys_global_symbol_to_c_name_address_lib_prefix='sed -n -e '\''s/^: \([^ ]*\)[ ]*$/  {\"\1\", (void *) 0},/p'\'' -e '\''s/^[ABCDGIRSTW]* \([^ ]*\) \(lib[^ ]*\)$/  {"\2", (void *) \&\2},/p'\'' -e '\''s/^[ABCDGIRSTW]* \([^ ]*\) \([^ ]*\)$/  {"lib\2", (void *) \&\2},/p'\'''
lt_cv_sys_global_symbol_to_cdecl='sed -n -e '\''s/^T .* \(.*\)$/extern int \1();/p'\'' -e '\''s/^[ABCDGIRSTW]* .* \(.*\)$/extern char \1;/p'\'''
lt_cv_sys_max_cmd_len=1572864
lt_cv_to_host_file_cmd=func_convert_file_noop
lt_cv_to_tool_file_cmd=func_convert_file_noop

## ----------------- ##
## Output variables. ##
## ----------------- ##

ACLOCAL='aclocal-1.14'
AMDEPBACKSLASH='\'
AMDEP_FALSE='#'
AMDEP_TRUE=''
AMTAR='$${TAR-tar}'
AM_BACKSLASH='\'
AM_DEFAULT_V='$(AM_DEFAULT_VERBOSITY)'
AM_DEFAULT_VERBOSITY='0'
AM_V='$(V)'
AR='ar'
ASR_CLIENT_FALSE='#'
ASR_CLIENT_TRUE=''
AUTOCONF='autoconf'
AUTOHEADER='autoheader'
AUTOMAKE='automake-1.14'
AWK='gawk'
CC='gcc'
CCDEPMODE='depmode=gcc3'
CFLAGS='-g -O2 -pthread'
COMMON_CLIENT_DATA_FALSE='#'
COMMON_CLIENT_DATA_TRUE=''
CPP='gcc -E'
CPPFLAGS=' -DLINUX -D_REENTRANT -D_GNU_SOURCE'
CXX='g++'
CXXCPP='g++ -E'
CXXDEPMODE='depmode=gcc3'
CXXFLAGS='-g -O2'
CYGPATH_W='echo'
DEEPASRRECOG_PLUGIN_FALSE='#'
DEEPASRRECOG_PLUGIN_TRUE=''
DEFS=''
DEMORECOG_PLUGIN_FALSE='#'
DEMORECOG_PLUGIN_TRUE=''
DEMOSYNTH_PLUGIN_FALSE='#'
DEMOSYNTH_PLUGIN_TRUE=''
DEMOVERIFIER_PLUGIN_FALSE='#'
DEMOVERIFIER_PLUGIN_TRUE=''
DEPDIR='.deps'
DLLTOOL='false'
DSYMUTIL=''
DUMPBIN=''
ECHO_C=''
ECHO_N='-n'
ECHO_T=''
EGREP='/usr/bin/grep -E'
EXEEXT=''
FGREP='/usr/bin/grep -F'
GREP='/usr/bin/grep'
INSTALL_DATA='${INSTALL} -m 644'
INSTALL_PROGRAM='${INSTALL}'
INSTALL_SCRIPT='${INSTALL}'
INSTALL_STRIP_PROGRAM='$(install_sh) -c -s'
ISMAC_FALSE=''
ISMAC_TRUE='#'
LD='/usr/bin/ld -m elf_x86_64'
LDFLAGS=' '
LIBOBJS=''
LIBS=''
LIBTOOL='$(SHELL) $(top_builddir)/libtool'
LIPO=''
LN_S='ln -s'
LTLIBOBJS=''
MAKEINFO='makeinfo'
MANIFEST_TOOL=':'
MKDIR_P='/usr/bin/mkdir -p'
NM='/usr/bin/nm -B'
NMEDIT=''
OBJDUMP='objdump'
OBJEXT='o'
OTOOL64=''
OTOOL=''
PACKAGE='unimrcp'
PACKAGE_BUGREPORT=''
PACKAGE_NAME='unimrcp'
PACKAGE_STRING='unimrcp 1.5.0'
PACKAGE_TARNAME='unimrcp'
PACKAGE_URL=''
PACKAGE_VERSION='1.5.0'
PATH_SEPARATOR=':'
PKG_CONFIG='/usr/bin/pkg-config'
PLUGIN_LT_VERSION='-version-info 5:0:5'
RANLIB='ranlib'
RECORDER_PLUGIN_FALSE='#'
RECORDER_PLUGIN_TRUE=''
SED='/usr/bin/sed'
SET_MAKE=''
SHELL='/bin/sh'
STRIP='strip'
TEST_SUITES_FALSE=''
TEST_SUITES_TRUE='#'
UMC_FALSE='#'
UMC_TRUE=''
UNIMRCP_APR_INCLUDES=' -I/usr/local/apr/include/apr-1 '
UNIMRCP_APR_LIBS=' -L/usr/local/apr/lib -lapr-1 -laprutil-1'
UNIMRCP_CLIENT_APP_FALSE='#'
UNIMRCP_CLIENT_APP_TRUE=''
UNIMRCP_CLIENT_LIB_FALSE='#'
UNIMRCP_CLIENT_LIB_TRUE=''
UNIMRCP_SERVER_APP_FALSE='#'
UNIMRCP_SERVER_APP_TRUE=''
UNIMRCP_SERVER_LIB_FALSE='#'
UNIMRCP_SERVER_LIB_TRUE=''
UNIMRCP_SOFIA_INCLUDES='-I/usr/local/include/sofia-sip-1.12  '
UNIMRCP_SOFIA_LIBS='-L/usr/local/lib -lsofia-sip-ua  '
UNI_DOTTED_VERSION='1.5.0'
UNI_LT_VERSION='-version-info 5:0:5'
VERSION='1.5.0'
XFYUNRECOG_PLUGIN_FALSE='#'
XFYUNRECOG_PLUGIN_TRUE=''
XFYUNSYNTH_PLUGIN_FALSE='#'
XFYUNSYNTH_PLUGIN_TRUE=''
ac_aux_dir='build'
ac_ct_AR='ar'
ac_ct_CC='gcc'
ac_ct_CXX='g++'
ac_ct_DUMPBIN=''
ac_macro_dir='build/acmacros'
am__EXEEXT_FALSE=''
am__EXEEXT_TRUE='#'
am__fastdepCC_FALSE='#'
am__fastdepCC_TRUE=''
am__fastdepCXX_FALSE='#'
am__fastdepCXX_TRUE=''
am__include='include'
am__isrc=''
am__leading_dot='.'
am__nodep='_no'
am__quote=''
am__tar='$${TAR-tar} chof - "$$tardir"'
am__untar='$${TAR-tar} xf -'
bindir='${exec_prefix}/bin'
build='x86_64-unknown-linux-gnu'
build_alias=''
build_cpu='x86_64'
build_os='linux-gnu'
build_vendor='unknown'
datadir='${prefix}/data'
datarootdir='${prefix}/share'
docdir='${datarootdir}/doc/${PACKAGE_TARNAME}'
dvidir='${docdir}'
exec_prefix='${prefix}'
host='x86_64-unknown-linux-gnu'
host_alias=''
host_cpu='x86_64'
host_os='linux-gnu'
host_vendor='unknown'
htmldir='${docdir}'
includedir='${prefix}/include'
infodir='${datarootdir}/info'
install_sh='${SHELL} /data2/libingchen/Code/MRCP-Plugin-Demo/unimrcp-1.5.0/build/install-sh'
libdir='${exec_prefix}/lib'
libexecdir='${exec_prefix}/modules'
localedir='${datarootdir}/locale'
localstatedir='${prefix}'
logdir='${exec_prefix}/log'
mandir='${prefix}/man'
mkdir_p='$(MKDIR_P)'
oldincludedir='/usr/include'
pdfdir='${docdir}'
plugindir='${exec_prefix}/plugin'
prefix='/usr/local/unimrcp'
program_transform_name='s,x,x,'
psdir='${docdir}'
sbindir='${exec_prefix}/bin'
sharedstatedir='${prefix}/com'
sysconfdir='${prefix}/conf'
target_alias=''
vardir='${exec_prefix}/var'

configure: exit 0

## ---------------------- ##
## Running config.status. ##
## ---------------------- ##

This file was extended by unimrcp config.status 1.5.0, which was
generated by GNU Autoconf 2.69.  Invocation command line was

  CONFIG_FILES    = 
  CONFIG_HEADERS  = 
  CONFIG_LINKS    = 
  CONFIG_COMMANDS = 
  $ ./config.status plugins/deepasr-recog/Makefile depfiles

on s85

config.status:1151: creating plugins/deepasr-recog/Makefile
config.status:1323: executing depfiles commands
